[2025-05-20T11:45:30.997+0000] {taskinstance.py:1159} INFO - Dependencies all met for dep_context=non-requeueable deps ti=<TaskInstance: flight_price_pipeline.load_csv manual__2025-05-20T11:45:27.462280+00:00 [queued]>
[2025-05-20T11:45:31.037+0000] {taskinstance.py:1159} INFO - Dependencies all met for dep_context=requeueable deps ti=<TaskInstance: flight_price_pipeline.load_csv manual__2025-05-20T11:45:27.462280+00:00 [queued]>
[2025-05-20T11:45:31.040+0000] {taskinstance.py:1361} INFO - Starting attempt 1 of 1
[2025-05-20T11:45:31.096+0000] {taskinstance.py:1382} INFO - Executing <Task(PythonOperator): load_csv> on 2025-05-20 11:45:27.462280+00:00
[2025-05-20T11:45:31.113+0000] {standard_task_runner.py:57} INFO - Started process 289 to run task
[2025-05-20T11:45:31.131+0000] {standard_task_runner.py:84} INFO - Running: ['***', 'tasks', 'run', 'flight_price_pipeline', 'load_csv', 'manual__2025-05-20T11:45:27.462280+00:00', '--job-id', '11', '--raw', '--subdir', 'DAGS_FOLDER/dag_flight_pipeline.py', '--cfg-path', '/tmp/tmpqt0ympno']
[2025-05-20T11:45:31.147+0000] {standard_task_runner.py:85} INFO - Job 11: Subtask load_csv
[2025-05-20T11:45:31.368+0000] {task_command.py:416} INFO - Running <TaskInstance: flight_price_pipeline.load_csv manual__2025-05-20T11:45:27.462280+00:00 [running]> on host 99bba0051650
[2025-05-20T11:45:31.692+0000] {taskinstance.py:1662} INFO - Exporting env vars: AIRFLOW_CTX_DAG_OWNER='***' AIRFLOW_CTX_DAG_ID='flight_price_pipeline' AIRFLOW_CTX_TASK_ID='load_csv' AIRFLOW_CTX_EXECUTION_DATE='2025-05-20T11:45:27.462280+00:00' AIRFLOW_CTX_TRY_NUMBER='1' AIRFLOW_CTX_DAG_RUN_ID='manual__2025-05-20T11:45:27.462280+00:00'
[2025-05-20T11:45:31.698+0000] {load.py:6} INFO - Starting CSV load task
[2025-05-20T11:45:32.705+0000] {load.py:10} INFO - Loaded 57000 rows from CSV
[2025-05-20T11:45:32.883+0000] {load.py:42} ERROR - Error loading CSV to MySQL: Not all parameters were used in the SQL statement
[2025-05-20T11:45:32.885+0000] {taskinstance.py:1937} ERROR - Task failed with exception
Traceback (most recent call last):
  File "/home/airflow/.local/lib/python3.8/site-packages/airflow/operators/python.py", line 192, in execute
    return_value = self.execute_callable()
  File "/home/airflow/.local/lib/python3.8/site-packages/airflow/operators/python.py", line 209, in execute_callable
    return self.python_callable(*self.op_args, **self.op_kwargs)
  File "/opt/airflow/dags/tasks/load.py", line 33, in load_csv_to_mysql
    cursor.execute("""
  File "/home/airflow/.local/lib/python3.8/site-packages/mysql/connector/cursor_cext.py", line 325, in execute
    raise ProgrammingError(
mysql.connector.errors.ProgrammingError: Not all parameters were used in the SQL statement
[2025-05-20T11:45:32.917+0000] {taskinstance.py:1400} INFO - Marking task as FAILED. dag_id=flight_price_pipeline, task_id=load_csv, execution_date=20250520T114527, start_date=20250520T114531, end_date=20250520T114532
[2025-05-20T11:45:32.954+0000] {standard_task_runner.py:104} ERROR - Failed to execute job 11 for task load_csv (Not all parameters were used in the SQL statement; 289)
[2025-05-20T11:45:32.998+0000] {local_task_job_runner.py:228} INFO - Task exited with return code 1
[2025-05-20T11:45:33.094+0000] {taskinstance.py:2778} INFO - 0 downstream tasks scheduled from follow-on schedule check
